Level=INFO 2025/04/24 14:31:55 添加密码组 form =  {1 Root1 Abcd001002 623 false 1000 2025-04-24 14:26:24.015561 +0800 CST 2025-04-24 14:27:25.535618 +0800 CST}
Level=SUCCESS 2025/04/24 14:33:23 数据库初始化成功
Level=SUCCESS 2025/04/24 14:33:23 数据库迁移完成
Level=INFO 2025/04/24 14:34:17 添加密码组 form =  {0 root Abcd001002 623 true 100 0001-01-01 00:00:00 +0000 UTC 0001-01-01 00:00:00 +0000 UTC}
Level=INFO 2025/04/24 14:34:19 更新密码组状态成功 id = 1, status = false
Level=INFO 2025/04/24 14:34:20 更新密码组状态成功 id = 1, status = true
Level=SUCCESS 2025/04/24 14:37:27 数据库初始化成功
Level=SUCCESS 2025/04/24 14:37:27 数据库迁移完成
Level=SUCCESS 2025/04/24 14:38:01 数据库初始化成功
Level=SUCCESS 2025/04/24 14:38:01 数据库迁移完成
Level=SUCCESS 2025/04/24 14:38:10 数据库初始化成功
Level=SUCCESS 2025/04/24 14:38:10 数据库迁移完成
Level=SUCCESS 2025/04/24 14:53:35 数据库初始化成功
Level=ERROR 2025/04/24 14:53:35 数据库迁移失败 unsupported data type: &[]
Level=SUCCESS 2025/04/24 14:53:41 数据库初始化成功
Level=ERROR 2025/04/24 14:53:41 数据库迁移失败 unsupported data type: &[]
Level=SUCCESS 2025/04/24 14:54:05 数据库初始化成功
Level=ERROR 2025/04/24 14:54:05 数据库迁移失败 unsupported data type: &[]
Level=SUCCESS 2025/04/24 14:54:55 数据库初始化成功
Level=ERROR 2025/04/24 14:54:55 数据库迁移失败 unsupported data type: &[]
Level=SUCCESS 2025/04/24 14:55:14 数据库初始化成功
Level=SUCCESS 2025/04/24 14:55:14 数据库迁移完成
Level=SUCCESS 2025/04/24 14:57:05 数据库初始化成功
Level=SUCCESS 2025/04/24 14:57:05 数据库迁移完成
Level=SUCCESS 2025/04/24 15:00:11 数据库初始化成功
Level=SUCCESS 2025/04/24 15:00:11 数据库迁移完成
Level=SUCCESS 2025/04/24 15:00:25 数据库初始化成功
Level=SUCCESS 2025/04/24 15:00:25 数据库迁移完成
Level=SUCCESS 2025/04/24 15:00:40 数据库初始化成功
Level=SUCCESS 2025/04/24 15:00:40 数据库迁移完成
Level=SUCCESS 2025/04/24 15:00:47 数据库初始化成功
Level=SUCCESS 2025/04/24 15:00:47 数据库迁移完成
Level=SUCCESS 2025/04/24 16:39:27 数据库初始化成功
Level=SUCCESS 2025/04/24 16:39:27 数据库迁移完成
